<html>
<head>
<title>TestNG:  Default test</title>
<link href="../testng.css" rel="stylesheet" type="text/css" />
<link href="../my-testng.css" rel="stylesheet" type="text/css" />

<style type="text/css">
.log { display: none;} 
.stack-trace { display: none;} 
</style>
<script type="text/javascript">
<!--
function flip(e) {
  current = e.style.display;
  if (current == 'block') {
    e.style.display = 'none';
    return 0;
  }
  else {
    e.style.display = 'block';
    return 1;
  }
}

function toggleBox(szDivId, elem, msg1, msg2)
{
  var res = -1;  if (document.getElementById) {
    res = flip(document.getElementById(szDivId));
  }
  else if (document.all) {
    // this is the way old msie versions work
    res = flip(document.all[szDivId]);
  }
  if(elem) {
    if(res == 0) elem.innerHTML = msg1; else elem.innerHTML = msg2;
  }

}

function toggleAllBoxes() {
  if (document.getElementsByTagName) {
    d = document.getElementsByTagName('div');
    for (i = 0; i < d.length; i++) {
      if (d[i].className == 'log') {
        flip(d[i]);
      }
    }
  }
}

// -->
</script>

</head>
<body>
<h2 align='center'>Default test</h2><table border='1' align="center">
<tr>
<td>Tests passed/Failed/Skipped:</td><td>1/1/0</td>
</tr><tr>
<td>Started on:</td><td>Tue Apr 23 14:54:48 IST 2024</td>
</tr>
<tr><td>Total time:</td><td>476 seconds (476791 ms)</td>
</tr><tr>
<td>Included groups:</td><td></td>
</tr><tr>
<td>Excluded groups:</td><td></td>
</tr>
</table><p/>
<small><i>(Hover the method name to see the test class name)</i></small><p/>
<table width='100%' border='1' class='invocation-failed'>
<tr><td colspan='4' align='center'><b>FAILED TESTS</b></td></tr>
<tr><td><b>Test method</b></td>
<td><b>Attribute(s)</b></td>
<td width="30%"><b>Exception</b></td>
<td width="10%"><b>Time (seconds)</b></td>
<td><b>Instance</b></td>
</tr>
<tr>
<td title='runner.RunCukes.runScenario()'><b>runScenario</b><br>Test class: runner.RunCukes<br>Test method: Runs Cucumber Scenarios<br>Parameters: "To check for all category should display when user clicks them", "In order to check"</td>
<td><div><pre>org.openqa.selenium.ElementClickInterceptedException: element click intercepted: Element &lt;button class=&quot;h-full px-2.5 lg:py-1.5 xl:py-2.5 content-center  grid grid-flow-col lg:gap-x-10.5 xl:gap-x-4.5 rounded-2xs text-white 
              bg-appleGreen-600 border border-appleGreen-600&quot; id=&quot;headlessui-menu-button-:r2:&quot; type=&quot;button&quot; aria-haspopup=&quot;true&quot; aria-expanded=&quot;true&quot; data-headlessui-state=&quot;open&quot; aria-controls=&quot;headlessui-menu-items-:r3:&quot;&gt;...&lt;/button&gt; is not clickable at point (275, 12). Other element would receive the click: &lt;button class=&quot;h-full px-2.5 lg:py-1.5 xl:py-2.5 content-center  grid grid-flow-col lg:gap-x-10.5 xl:gap-x-4.5 rounded-2xs text-white 
              bg-appleGreen-600 border border-appleGreen-600&quot; id=&quot;headlessui-menu-button-:r0:&quot; type=&quot;button&quot; aria-haspopup=&quot;true&quot; aria-expanded=&quot;false&quot; data-headlessui-state=&quot;&quot; aria-controls=&quot;headlessui-menu-items-:r1:&quot;&gt;...&lt;/button&gt;
  (Session info: chrome=124.0.6367.60)
Build info: version: &apos;4.19.1&apos;, revision: &apos;abe0ee07dc&apos;
System info: os.name: &apos;Windows 11&apos;, os.arch: &apos;amd64&apos;, os.version: &apos;10.0&apos;, java.version: &apos;22&apos;
Driver info: org.openqa.selenium.chrome.ChromeDriver
Command: [0b8483a1fab774910a0066ba8cb03afc, clickElement {id=f.9DB7D7027E991B1B080666E30B200558.d.FC004B9CBA2568BC9151DF8517CB0F9F.e.90}]
Capabilities {acceptInsecureCerts: false, browserName: chrome, browserVersion: 124.0.6367.60, chrome: {chromedriverVersion: 124.0.6367.60 (8771130bd84f..., userDataDir: C:\Users\HIMANS~1\AppData\L...}, fedcm:accounts: true, goog:chromeOptions: {debuggerAddress: localhost:54161}, networkConnectionEnabled: false, pageLoadStrategy: normal, platformName: windows, proxy: Proxy(), se:cdp: ws://localhost:54161/devtoo..., se:cdpVersion: 124.0.6367.60, setWindowRect: true, strictFileInteractability: false, timeouts: {implicit: 0, pageLoad: 300000, script: 30000}, unhandledPromptBehavior: dismiss and notify, webauthn:extension:credBlob: true, webauthn:extension:largeBlob: true, webauthn:extension:minPinLength: true, webauthn:extension:prf: true, webauthn:virtualAuthenticators: true}
Element: [[ChromeDriver: chrome on windows (0b8483a1fab774910a0066ba8cb03afc)] -&gt; xpath: //div[@class=&apos;Header___StyledCategoryMenu2-sc-19kl9m3-13 ibVaum&apos;]/div/div/button]
Session ID: 0b8483a1fab774910a0066ba8cb03afc
	at java.base/jdk.internal.reflect.DirectConstructorHandleAccessor.newInstance(DirectConstructorHandleAccessor.java:62)
	at java.base/java.lang.reflect.Constructor.newInstanceWithCaller(Constructor.java:502)
	at java.base/java.lang.reflect.Constructor.newInstance(Constructor.java:486)
	at org.openqa.selenium.remote.ErrorCodec.decode(ErrorCodec.java:167)
	at org.openqa.selenium.remote.codec.w3c.W3CHttpResponseCodec.decode(W3CHttpResponseCodec.java:138)
	at org.openqa.selenium.remote.codec.w3c.W3CHttpResponseCodec.decode(W3CHttpResponseCodec.java:50)
	at org.openqa.selenium.remote.HttpCommandExecutor.execute(HttpCommandExecutor.java:190)
	at org.openqa.selenium.remote.service.DriverCommandExecutor.invokeExecute(DriverCommandExecutor.java:216)
	at org.openqa.selenium.remote.service.DriverCommandExecutor.execute(DriverCommandExecutor.java:174)
	at org.openqa.selenium.remote.RemoteWebDriver.execute(RemoteWebDriver.java:518)
	at org.openqa.selenium.remote.RemoteWebElement.execute(RemoteWebElement.java:223)
	at org.openqa.selenium.remote.RemoteWebElement.click(RemoteWebElement.java:76)
	at java.base/jdk.internal.reflect.DirectMethodHandleAccessor.invoke(DirectMethodHandleAccessor.java:103)
	at java.base/java.lang.reflect.Method.invoke(Method.java:580)
	at org.openqa.selenium.support.pagefactory.internal.LocatingElementHandler.invoke(LocatingElementHandler.java:51)
	at jdk.proxy2/jdk.proxy2.$Proxy32.click(Unknown Source)
	at Pages.actions.ShopByCategoryActions.ListOfCategory(ShopByCategoryActions.java:75)
	at Steps.ShopByCategorySteps.particular_category_name_should_come_in_the_title_bar(ShopByCategorySteps.java:67)
	at ✽.particular categoryName should come in the  title bar(file:///C:/Users/HimanshuNaudiyal/project/New_Bigbasket/src/test/resources/features/shopByCategory.feature:13)
</pre></div><a href='#' onClick='toggleBox("stack-trace54254849", this, "Click to show all stack frames", "Click to hide stack frames")'>Click to show all stack frames</a>
<div class='stack-trace' id='stack-trace54254849'><pre>org.openqa.selenium.ElementClickInterceptedException: element click intercepted: Element &lt;button class=&quot;h-full px-2.5 lg:py-1.5 xl:py-2.5 content-center  grid grid-flow-col lg:gap-x-10.5 xl:gap-x-4.5 rounded-2xs text-white 
              bg-appleGreen-600 border border-appleGreen-600&quot; id=&quot;headlessui-menu-button-:r2:&quot; type=&quot;button&quot; aria-haspopup=&quot;true&quot; aria-expanded=&quot;true&quot; data-headlessui-state=&quot;open&quot; aria-controls=&quot;headlessui-menu-items-:r3:&quot;&gt;...&lt;/button&gt; is not clickable at point (275, 12). Other element would receive the click: &lt;button class=&quot;h-full px-2.5 lg:py-1.5 xl:py-2.5 content-center  grid grid-flow-col lg:gap-x-10.5 xl:gap-x-4.5 rounded-2xs text-white 
              bg-appleGreen-600 border border-appleGreen-600&quot; id=&quot;headlessui-menu-button-:r0:&quot; type=&quot;button&quot; aria-haspopup=&quot;true&quot; aria-expanded=&quot;false&quot; data-headlessui-state=&quot;&quot; aria-controls=&quot;headlessui-menu-items-:r1:&quot;&gt;...&lt;/button&gt;
  (Session info: chrome=124.0.6367.60)
Build info: version: &apos;4.19.1&apos;, revision: &apos;abe0ee07dc&apos;
System info: os.name: &apos;Windows 11&apos;, os.arch: &apos;amd64&apos;, os.version: &apos;10.0&apos;, java.version: &apos;22&apos;
Driver info: org.openqa.selenium.chrome.ChromeDriver
Command: [0b8483a1fab774910a0066ba8cb03afc, clickElement {id=f.9DB7D7027E991B1B080666E30B200558.d.FC004B9CBA2568BC9151DF8517CB0F9F.e.90}]
Capabilities {acceptInsecureCerts: false, browserName: chrome, browserVersion: 124.0.6367.60, chrome: {chromedriverVersion: 124.0.6367.60 (8771130bd84f..., userDataDir: C:\Users\HIMANS~1\AppData\L...}, fedcm:accounts: true, goog:chromeOptions: {debuggerAddress: localhost:54161}, networkConnectionEnabled: false, pageLoadStrategy: normal, platformName: windows, proxy: Proxy(), se:cdp: ws://localhost:54161/devtoo..., se:cdpVersion: 124.0.6367.60, setWindowRect: true, strictFileInteractability: false, timeouts: {implicit: 0, pageLoad: 300000, script: 30000}, unhandledPromptBehavior: dismiss and notify, webauthn:extension:credBlob: true, webauthn:extension:largeBlob: true, webauthn:extension:minPinLength: true, webauthn:extension:prf: true, webauthn:virtualAuthenticators: true}
Element: [[ChromeDriver: chrome on windows (0b8483a1fab774910a0066ba8cb03afc)] -&gt; xpath: //div[@class=&apos;Header___StyledCategoryMenu2-sc-19kl9m3-13 ibVaum&apos;]/div/div/button]
Session ID: 0b8483a1fab774910a0066ba8cb03afc
	at java.base/jdk.internal.reflect.DirectConstructorHandleAccessor.newInstance(DirectConstructorHandleAccessor.java:62)
	at java.base/java.lang.reflect.Constructor.newInstanceWithCaller(Constructor.java:502)
	at java.base/java.lang.reflect.Constructor.newInstance(Constructor.java:486)
	at org.openqa.selenium.remote.ErrorCodec.decode(ErrorCodec.java:167)
	at org.openqa.selenium.remote.codec.w3c.W3CHttpResponseCodec.decode(W3CHttpResponseCodec.java:138)
	at org.openqa.selenium.remote.codec.w3c.W3CHttpResponseCodec.decode(W3CHttpResponseCodec.java:50)
	at org.openqa.selenium.remote.HttpCommandExecutor.execute(HttpCommandExecutor.java:190)
	at org.openqa.selenium.remote.service.DriverCommandExecutor.invokeExecute(DriverCommandExecutor.java:216)
	at org.openqa.selenium.remote.service.DriverCommandExecutor.execute(DriverCommandExecutor.java:174)
	at org.openqa.selenium.remote.RemoteWebDriver.execute(RemoteWebDriver.java:518)
	at org.openqa.selenium.remote.RemoteWebElement.execute(RemoteWebElement.java:223)
	at org.openqa.selenium.remote.RemoteWebElement.click(RemoteWebElement.java:76)
	at java.base/jdk.internal.reflect.DirectMethodHandleAccessor.invoke(DirectMethodHandleAccessor.java:103)
	at java.base/java.lang.reflect.Method.invoke(Method.java:580)
	at org.openqa.selenium.support.pagefactory.internal.LocatingElementHandler.invoke(LocatingElementHandler.java:51)
	at jdk.proxy2/jdk.proxy2.$Proxy32.click(Unknown Source)
	at Pages.actions.ShopByCategoryActions.ListOfCategory(ShopByCategoryActions.java:75)
	at Steps.ShopByCategorySteps.particular_category_name_should_come_in_the_title_bar(ShopByCategorySteps.java:67)
	at ✽.particular categoryName should come in the  title bar(file:///C:/Users/HimanshuNaudiyal/project/New_Bigbasket/src/test/resources/features/shopByCategory.feature:13)
</pre></div></td>
<td>415</td>
<td>runner.RunCukes@5cde6747</td></tr>
</table><p>
<table width='100%' border='1' class='invocation-passed'>
<tr><td colspan='4' align='center'><b>PASSED TESTS</b></td></tr>
<tr><td><b>Test method</b></td>
<td><b>Attribute(s)</b></td>
<td width="30%"><b>Exception</b></td>
<td width="10%"><b>Time (seconds)</b></td>
<td><b>Instance</b></td>
</tr>
<tr>
<td title='runner.RunCukes.runScenario()'><b>runScenario</b><br>Test class: runner.RunCukes<br>Test method: Runs Cucumber Scenarios<br>Parameters: "To check valid login by user", "In order to check a user should able to login into Milk Basket"</td>
<td></td>
<td>54</td>
<td>runner.RunCukes@5cde6747</td></tr>
</table><p>
</body>
</html>