<?xml version="1.0" encoding="UTF-8"?>
<!-- Generated by org.testng.reporters.JUnitXMLReporter -->
<testsuite ignored="0" hostname="LAPTOP-LERK31GH" failures="1" tests="2" name="Default test" time="476.791" errors="0" timestamp="2024-04-23T15:02:45 IST">
  <testcase classname="io.cucumber.testng.AbstractTestNGCucumberTests" name="runScenario" time="54.207"/>
  <testcase classname="io.cucumber.testng.AbstractTestNGCucumberTests" name="runScenario" time="415.63">
    <failure type="org.openqa.selenium.ElementClickInterceptedException" message="element click intercepted: Element &amp;lt;button class=&amp;quot;h-full px-2.5 lg:py-1.5 xl:py-2.5 content-center  grid grid-flow-col lg:gap-x-10.5 xl:gap-x-4.5 rounded-2xs text-white 
              bg-appleGreen-600 border border-appleGreen-600&amp;quot; id=&amp;quot;headlessui-menu-button-:r2:&amp;quot; type=&amp;quot;button&amp;quot; aria-haspopup=&amp;quot;true&amp;quot; aria-expanded=&amp;quot;true&amp;quot; data-headlessui-state=&amp;quot;open&amp;quot; aria-controls=&amp;quot;headlessui-menu-items-:r3:&amp;quot;&amp;gt;...&amp;lt;/button&amp;gt; is not clickable at point (275, 12). Other element would receive the click: &amp;lt;button class=&amp;quot;h-full px-2.5 lg:py-1.5 xl:py-2.5 content-center  grid grid-flow-col lg:gap-x-10.5 xl:gap-x-4.5 rounded-2xs text-white 
              bg-appleGreen-600 border border-appleGreen-600&amp;quot; id=&amp;quot;headlessui-menu-button-:r0:&amp;quot; type=&amp;quot;button&amp;quot; aria-haspopup=&amp;quot;true&amp;quot; aria-expanded=&amp;quot;false&amp;quot; data-headlessui-state=&amp;quot;&amp;quot; aria-controls=&amp;quot;headlessui-menu-items-:r1:&amp;quot;&amp;gt;...&amp;lt;/button&amp;gt;
  (Session info: chrome=124.0.6367.60)
Build info: version: &amp;apos;4.19.1&amp;apos;, revision: &amp;apos;abe0ee07dc&amp;apos;
System info: os.name: &amp;apos;Windows 11&amp;apos;, os.arch: &amp;apos;amd64&amp;apos;, os.version: &amp;apos;10.0&amp;apos;, java.version: &amp;apos;22&amp;apos;
Driver info: org.openqa.selenium.chrome.ChromeDriver
Command: [0b8483a1fab774910a0066ba8cb03afc, clickElement {id=f.9DB7D7027E991B1B080666E30B200558.d.FC004B9CBA2568BC9151DF8517CB0F9F.e.90}]
Capabilities {acceptInsecureCerts: false, browserName: chrome, browserVersion: 124.0.6367.60, chrome: {chromedriverVersion: 124.0.6367.60 (8771130bd84f..., userDataDir: C:\Users\HIMANS~1\AppData\L...}, fedcm:accounts: true, goog:chromeOptions: {debuggerAddress: localhost:54161}, networkConnectionEnabled: false, pageLoadStrategy: normal, platformName: windows, proxy: Proxy(), se:cdp: ws://localhost:54161/devtoo..., se:cdpVersion: 124.0.6367.60, setWindowRect: true, strictFileInteractability: false, timeouts: {implicit: 0, pageLoad: 300000, script: 30000}, unhandledPromptBehavior: dismiss and notify, webauthn:extension:credBlob: true, webauthn:extension:largeBlob: true, webauthn:extension:minPinLength: true, webauthn:extension:prf: true, webauthn:virtualAuthenticators: true}
Element: [[ChromeDriver: chrome on windows (0b8483a1fab774910a0066ba8cb03afc)] -&amp;gt; xpath: //div[@class=&amp;apos;Header___StyledCategoryMenu2-sc-19kl9m3-13 ibVaum&amp;apos;]/div/div/button]
Session ID: 0b8483a1fab774910a0066ba8cb03afc">
      <![CDATA[org.openqa.selenium.ElementClickInterceptedException: element click intercepted: Element <button class="h-full px-2.5 lg:py-1.5 xl:py-2.5 content-center  grid grid-flow-col lg:gap-x-10.5 xl:gap-x-4.5 rounded-2xs text-white 
              bg-appleGreen-600 border border-appleGreen-600" id="headlessui-menu-button-:r2:" type="button" aria-haspopup="true" aria-expanded="true" data-headlessui-state="open" aria-controls="headlessui-menu-items-:r3:">...</button> is not clickable at point (275, 12). Other element would receive the click: <button class="h-full px-2.5 lg:py-1.5 xl:py-2.5 content-center  grid grid-flow-col lg:gap-x-10.5 xl:gap-x-4.5 rounded-2xs text-white 
              bg-appleGreen-600 border border-appleGreen-600" id="headlessui-menu-button-:r0:" type="button" aria-haspopup="true" aria-expanded="false" data-headlessui-state="" aria-controls="headlessui-menu-items-:r1:">...</button>
  (Session info: chrome=124.0.6367.60)
Build info: version: '4.19.1', revision: 'abe0ee07dc'
System info: os.name: 'Windows 11', os.arch: 'amd64', os.version: '10.0', java.version: '22'
Driver info: org.openqa.selenium.chrome.ChromeDriver
Command: [0b8483a1fab774910a0066ba8cb03afc, clickElement {id=f.9DB7D7027E991B1B080666E30B200558.d.FC004B9CBA2568BC9151DF8517CB0F9F.e.90}]
Capabilities {acceptInsecureCerts: false, browserName: chrome, browserVersion: 124.0.6367.60, chrome: {chromedriverVersion: 124.0.6367.60 (8771130bd84f..., userDataDir: C:\Users\HIMANS~1\AppData\L...}, fedcm:accounts: true, goog:chromeOptions: {debuggerAddress: localhost:54161}, networkConnectionEnabled: false, pageLoadStrategy: normal, platformName: windows, proxy: Proxy(), se:cdp: ws://localhost:54161/devtoo..., se:cdpVersion: 124.0.6367.60, setWindowRect: true, strictFileInteractability: false, timeouts: {implicit: 0, pageLoad: 300000, script: 30000}, unhandledPromptBehavior: dismiss and notify, webauthn:extension:credBlob: true, webauthn:extension:largeBlob: true, webauthn:extension:minPinLength: true, webauthn:extension:prf: true, webauthn:virtualAuthenticators: true}
Element: [[ChromeDriver: chrome on windows (0b8483a1fab774910a0066ba8cb03afc)] -> xpath: //div[@class='Header___StyledCategoryMenu2-sc-19kl9m3-13 ibVaum']/div/div/button]
Session ID: 0b8483a1fab774910a0066ba8cb03afc
at java.base/jdk.internal.reflect.DirectConstructorHandleAccessor.newInstance(DirectConstructorHandleAccessor.java:62)
at java.base/java.lang.reflect.Constructor.newInstanceWithCaller(Constructor.java:502)
at java.base/java.lang.reflect.Constructor.newInstance(Constructor.java:486)
at org.openqa.selenium.remote.ErrorCodec.decode(ErrorCodec.java:167)
at org.openqa.selenium.remote.codec.w3c.W3CHttpResponseCodec.decode(W3CHttpResponseCodec.java:138)
at org.openqa.selenium.remote.codec.w3c.W3CHttpResponseCodec.decode(W3CHttpResponseCodec.java:50)
at org.openqa.selenium.remote.HttpCommandExecutor.execute(HttpCommandExecutor.java:190)
at org.openqa.selenium.remote.service.DriverCommandExecutor.invokeExecute(DriverCommandExecutor.java:216)
at org.openqa.selenium.remote.service.DriverCommandExecutor.execute(DriverCommandExecutor.java:174)
at org.openqa.selenium.remote.RemoteWebDriver.execute(RemoteWebDriver.java:518)
at org.openqa.selenium.remote.RemoteWebElement.execute(RemoteWebElement.java:223)
at org.openqa.selenium.remote.RemoteWebElement.click(RemoteWebElement.java:76)
at java.base/jdk.internal.reflect.DirectMethodHandleAccessor.invoke(DirectMethodHandleAccessor.java:103)
at java.base/java.lang.reflect.Method.invoke(Method.java:580)
at org.openqa.selenium.support.pagefactory.internal.LocatingElementHandler.invoke(LocatingElementHandler.java:51)
at jdk.proxy2/jdk.proxy2.$Proxy32.click(Unknown Source)
at Pages.actions.ShopByCategoryActions.ListOfCategory(ShopByCategoryActions.java:75)
at Steps.ShopByCategorySteps.particular_category_name_should_come_in_the_title_bar(ShopByCategorySteps.java:67)
at ✽.particular categoryName should come in the  title bar(file:///C:/Users/HimanshuNaudiyal/project/New_Bigbasket/src/test/resources/features/shopByCategory.feature:13)
]]>
    </failure>
  </testcase> <!-- runScenario -->
</testsuite> <!-- Default test -->
