<?xml version="1.0" encoding="UTF-8"?>
<!-- Generated by org.testng.reporters.JUnitXMLReporter -->
<testsuite ignored="0" hostname="LAPTOP-LERK31GH" failures="1" tests="2" name="Test" time="182.858" errors="0" timestamp="2024-04-18T17:02:18 IST">
  <testcase classname="io.cucumber.testng.AbstractTestNGCucumberTests" name="runScenario" time="53.414"/>
  <testcase classname="io.cucumber.testng.AbstractTestNGCucumberTests" name="runScenario" time="125.926">
    <failure type="org.openqa.selenium.ElementClickInterceptedException" message="element click intercepted: Element is not clickable at point (318, 638)
  (Session info: chrome=123.0.6312.123)
Build info: version: &amp;apos;4.19.1&amp;apos;, revision: &amp;apos;abe0ee07dc&amp;apos;
System info: os.name: &amp;apos;Windows 11&amp;apos;, os.arch: &amp;apos;amd64&amp;apos;, os.version: &amp;apos;10.0&amp;apos;, java.version: &amp;apos;22&amp;apos;
Driver info: org.openqa.selenium.chrome.ChromeDriver
Command: [5e138f3d4bec6ef507f8ef18fd7e494c, clickElement {id=f.E4D06D584039C74C638E14EA0D656861.d.DBC6F65A90945129109A00F6318EACAD.e.105}]
Capabilities {acceptInsecureCerts: false, browserName: chrome, browserVersion: 123.0.6312.123, chrome: {chromedriverVersion: 123.0.6312.122 (31f8248cdd9..., userDataDir: C:\Users\HIMANS~1\AppData\L...}, fedcm:accounts: true, goog:chromeOptions: {debuggerAddress: localhost:52064}, networkConnectionEnabled: false, pageLoadStrategy: normal, platformName: windows, proxy: Proxy(), se:cdp: ws://localhost:52064/devtoo..., se:cdpVersion: 123.0.6312.123, setWindowRect: true, strictFileInteractability: false, timeouts: {implicit: 0, pageLoad: 300000, script: 30000}, unhandledPromptBehavior: dismiss and notify, webauthn:extension:credBlob: true, webauthn:extension:largeBlob: true, webauthn:extension:minPinLength: true, webauthn:extension:prf: true, webauthn:virtualAuthenticators: true}
Element: [[ChromeDriver: chrome on windows (5e138f3d4bec6ef507f8ef18fd7e494c)] -&amp;gt; xpath: //div[@class=&amp;apos;CategoryMenu___StyledMenuItems-sc-d3svbp-4 cAslOa&amp;apos;]/nav/ul[1]/li]
Session ID: 5e138f3d4bec6ef507f8ef18fd7e494c">
      <![CDATA[org.openqa.selenium.ElementClickInterceptedException: element click intercepted: Element is not clickable at point (318, 638)
  (Session info: chrome=123.0.6312.123)
Build info: version: '4.19.1', revision: 'abe0ee07dc'
System info: os.name: 'Windows 11', os.arch: 'amd64', os.version: '10.0', java.version: '22'
Driver info: org.openqa.selenium.chrome.ChromeDriver
Command: [5e138f3d4bec6ef507f8ef18fd7e494c, clickElement {id=f.E4D06D584039C74C638E14EA0D656861.d.DBC6F65A90945129109A00F6318EACAD.e.105}]
Capabilities {acceptInsecureCerts: false, browserName: chrome, browserVersion: 123.0.6312.123, chrome: {chromedriverVersion: 123.0.6312.122 (31f8248cdd9..., userDataDir: C:\Users\HIMANS~1\AppData\L...}, fedcm:accounts: true, goog:chromeOptions: {debuggerAddress: localhost:52064}, networkConnectionEnabled: false, pageLoadStrategy: normal, platformName: windows, proxy: Proxy(), se:cdp: ws://localhost:52064/devtoo..., se:cdpVersion: 123.0.6312.123, setWindowRect: true, strictFileInteractability: false, timeouts: {implicit: 0, pageLoad: 300000, script: 30000}, unhandledPromptBehavior: dismiss and notify, webauthn:extension:credBlob: true, webauthn:extension:largeBlob: true, webauthn:extension:minPinLength: true, webauthn:extension:prf: true, webauthn:virtualAuthenticators: true}
Element: [[ChromeDriver: chrome on windows (5e138f3d4bec6ef507f8ef18fd7e494c)] -> xpath: //div[@class='CategoryMenu___StyledMenuItems-sc-d3svbp-4 cAslOa']/nav/ul[1]/li]
Session ID: 5e138f3d4bec6ef507f8ef18fd7e494c
at org.openqa.selenium.remote.ErrorCodec.decode(ErrorCodec.java:167)
at org.openqa.selenium.remote.codec.w3c.W3CHttpResponseCodec.decode(W3CHttpResponseCodec.java:138)
at org.openqa.selenium.remote.codec.w3c.W3CHttpResponseCodec.decode(W3CHttpResponseCodec.java:50)
at org.openqa.selenium.remote.HttpCommandExecutor.execute(HttpCommandExecutor.java:190)
at org.openqa.selenium.remote.service.DriverCommandExecutor.invokeExecute(DriverCommandExecutor.java:216)
at org.openqa.selenium.remote.service.DriverCommandExecutor.execute(DriverCommandExecutor.java:174)
at org.openqa.selenium.remote.RemoteWebDriver.execute(RemoteWebDriver.java:518)
at org.openqa.selenium.remote.RemoteWebElement.execute(RemoteWebElement.java:223)
at org.openqa.selenium.remote.RemoteWebElement.click(RemoteWebElement.java:76)
at Pages.actions.ShopByCategoryActions.ListOfCategory(ShopByCategoryActions.java:40)
at Steps.ShopByCategorySteps.particular_category_name_should_come_in_the_title_bar(ShopByCategorySteps.java:66)
at ✽.particular categoryName should come in the  title bar(file:///C:/Users/HimanshuNaudiyal/project/New_Bigbasket/src/test/resources/features/shopByCategory.feature:13)
... Removed 3 stack frames]]>
    </failure>
  </testcase> <!-- runScenario -->
</testsuite> <!-- Test -->
