<?xml version="1.0" encoding="UTF-8"?>
<testng-results ignored="0" total="3" passed="2" failed="1" skipped="0">
  <reporter-output>
  </reporter-output>
  <suite started-at="2024-04-21T10:08:47 IST" name="Suite" finished-at="2024-04-21T10:10:06 IST" duration-ms="79479">
    <groups>
      <group name="cucumber">
        <method signature="AbstractTestNGCucumberTests.runScenario(io.cucumber.testng.PickleWrapper,io.cucumber.testng.FeatureWrapper)[pri:0, instance:runner.RunCukes@5cde6747]" name="runScenario" class="io.cucumber.testng.AbstractTestNGCucumberTests"/>
      </group> <!-- cucumber -->
    </groups>
    <test started-at="2024-04-21T10:08:47 IST" name="Test" finished-at="2024-04-21T10:10:06 IST" duration-ms="79479">
      <class name="runner.RunCukes">
        <test-method is-config="true" signature="setUpClass(org.testng.ITestContext)[pri:0, instance:runner.RunCukes@5cde6747]" started-at="2024-04-21T10:08:47 IST" name="setUpClass" finished-at="2024-04-21T10:08:47 IST" duration-ms="679" status="PASS">
          <params>
            <param index="0">
              <value>
                <![CDATA[org.testng.TestRunner@33a71d23]]>
              </value>
            </param>
          </params>
          <reporter-output>
          </reporter-output>
        </test-method> <!-- setUpClass -->
        <test-method signature="runScenario(io.cucumber.testng.PickleWrapper,io.cucumber.testng.FeatureWrapper)[pri:0, instance:runner.RunCukes@5cde6747]" started-at="2024-04-21T10:08:47 IST" name="runScenario" description="Runs Cucumber Scenarios" data-provider="scenarios" finished-at="2024-04-21T10:09:44 IST" duration-ms="56146" status="PASS">
          <params>
            <param index="0">
              <value>
                <![CDATA["To check valid login by user"]]>
              </value>
            </param>
            <param index="1">
              <value>
                <![CDATA["In order to check a user should able to login into Milk Basket"]]>
              </value>
            </param>
          </params>
          <reporter-output>
          </reporter-output>
        </test-method> <!-- runScenario -->
        <test-method signature="runScenario(io.cucumber.testng.PickleWrapper,io.cucumber.testng.FeatureWrapper)[pri:0, instance:runner.RunCukes@5cde6747]" started-at="2024-04-21T10:09:44 IST" name="runScenario" description="Runs Cucumber Scenarios" data-provider="scenarios" finished-at="2024-04-21T10:09:58 IST" duration-ms="14663" status="FAIL">
          <params>
            <param index="0">
              <value>
                <![CDATA["To check for saved for later items"]]>
              </value>
            </param>
            <param index="1">
              <value>
                <![CDATA["To check for when the user  use any saved"]]>
              </value>
            </param>
          </params>
          <exception class="org.openqa.selenium.NoSuchElementException">
            <message>
              <![CDATA[no such element: Unable to locate element: {"method":"xpath","selector":"//button[@id='headlessui-popover-button-:re:']//button[@class='Button-sc-1dr2sn8-0 CtaButtons___StyledButton-sc-1tlmn1r-0 hlIKGt jWnUIa']//*[name()='svg']//*[name()='g' and contains(@mask,'url(#SaveI')]//*[name()='path' and contains(@fill,'#202020')]"}
  (Session info: chrome=123.0.6312.123)
For documentation on this error, please visit: https://www.selenium.dev/documentation/webdriver/troubleshooting/errors#no-such-element-exception
Build info: version: '4.19.1', revision: 'abe0ee07dc'
System info: os.name: 'Windows 11', os.arch: 'amd64', os.version: '10.0', java.version: '22'
Driver info: org.openqa.selenium.chrome.ChromeDriver
Command: [4766eb1c9f4986f9fa20353f13364ad9, findElement {value=//button[@id='headlessui-popover-button-:re:']//button[@class='Button-sc-1dr2sn8-0 CtaButtons___StyledButton-sc-1tlmn1r-0 hlIKGt jWnUIa']//*[name()='svg']//*[name()='g' and contains(@mask,'url(#SaveI')]//*[name()='path' and contains(@fill,'#202020')], using=xpath}]
Capabilities {acceptInsecureCerts: false, browserName: chrome, browserVersion: 123.0.6312.123, chrome: {chromedriverVersion: 123.0.6312.122 (31f8248cdd9..., userDataDir: C:\Users\HIMANS~1\AppData\L...}, fedcm:accounts: true, goog:chromeOptions: {debuggerAddress: localhost:49810}, networkConnectionEnabled: false, pageLoadStrategy: normal, platformName: windows, proxy: Proxy(), se:cdp: ws://localhost:49810/devtoo..., se:cdpVersion: 123.0.6312.123, setWindowRect: true, strictFileInteractability: false, timeouts: {implicit: 0, pageLoad: 300000, script: 30000}, unhandledPromptBehavior: dismiss and notify, webauthn:extension:credBlob: true, webauthn:extension:largeBlob: true, webauthn:extension:minPinLength: true, webauthn:extension:prf: true, webauthn:virtualAuthenticators: true}
Session ID: 4766eb1c9f4986f9fa20353f13364ad9]]>
            </message>
            <full-stacktrace>
              <![CDATA[org.openqa.selenium.NoSuchElementException: no such element: Unable to locate element: {"method":"xpath","selector":"//button[@id='headlessui-popover-button-:re:']//button[@class='Button-sc-1dr2sn8-0 CtaButtons___StyledButton-sc-1tlmn1r-0 hlIKGt jWnUIa']//*[name()='svg']//*[name()='g' and contains(@mask,'url(#SaveI')]//*[name()='path' and contains(@fill,'#202020')]"}
  (Session info: chrome=123.0.6312.123)
For documentation on this error, please visit: https://www.selenium.dev/documentation/webdriver/troubleshooting/errors#no-such-element-exception
Build info: version: '4.19.1', revision: 'abe0ee07dc'
System info: os.name: 'Windows 11', os.arch: 'amd64', os.version: '10.0', java.version: '22'
Driver info: org.openqa.selenium.chrome.ChromeDriver
Command: [4766eb1c9f4986f9fa20353f13364ad9, findElement {value=//button[@id='headlessui-popover-button-:re:']//button[@class='Button-sc-1dr2sn8-0 CtaButtons___StyledButton-sc-1tlmn1r-0 hlIKGt jWnUIa']//*[name()='svg']//*[name()='g' and contains(@mask,'url(#SaveI')]//*[name()='path' and contains(@fill,'#202020')], using=xpath}]
Capabilities {acceptInsecureCerts: false, browserName: chrome, browserVersion: 123.0.6312.123, chrome: {chromedriverVersion: 123.0.6312.122 (31f8248cdd9..., userDataDir: C:\Users\HIMANS~1\AppData\L...}, fedcm:accounts: true, goog:chromeOptions: {debuggerAddress: localhost:49810}, networkConnectionEnabled: false, pageLoadStrategy: normal, platformName: windows, proxy: Proxy(), se:cdp: ws://localhost:49810/devtoo..., se:cdpVersion: 123.0.6312.123, setWindowRect: true, strictFileInteractability: false, timeouts: {implicit: 0, pageLoad: 300000, script: 30000}, unhandledPromptBehavior: dismiss and notify, webauthn:extension:credBlob: true, webauthn:extension:largeBlob: true, webauthn:extension:minPinLength: true, webauthn:extension:prf: true, webauthn:virtualAuthenticators: true}
Session ID: 4766eb1c9f4986f9fa20353f13364ad9
at java.base/jdk.internal.reflect.DirectConstructorHandleAccessor.newInstance(DirectConstructorHandleAccessor.java:62)
at java.base/java.lang.reflect.Constructor.newInstanceWithCaller(Constructor.java:502)
at java.base/java.lang.reflect.Constructor.newInstance(Constructor.java:486)
at org.openqa.selenium.remote.ErrorCodec.decode(ErrorCodec.java:167)
at org.openqa.selenium.remote.codec.w3c.W3CHttpResponseCodec.decode(W3CHttpResponseCodec.java:138)
at org.openqa.selenium.remote.codec.w3c.W3CHttpResponseCodec.decode(W3CHttpResponseCodec.java:50)
at org.openqa.selenium.remote.HttpCommandExecutor.execute(HttpCommandExecutor.java:190)
at org.openqa.selenium.remote.service.DriverCommandExecutor.invokeExecute(DriverCommandExecutor.java:216)
at org.openqa.selenium.remote.service.DriverCommandExecutor.execute(DriverCommandExecutor.java:174)
at org.openqa.selenium.remote.RemoteWebDriver.execute(RemoteWebDriver.java:518)
at org.openqa.selenium.remote.ElementLocation$ElementFinder$2.findElement(ElementLocation.java:165)
at org.openqa.selenium.remote.ElementLocation.findElement(ElementLocation.java:59)
at org.openqa.selenium.remote.RemoteWebDriver.findElement(RemoteWebDriver.java:355)
at org.openqa.selenium.remote.RemoteWebDriver.findElement(RemoteWebDriver.java:349)
at org.openqa.selenium.support.pagefactory.DefaultElementLocator.findElement(DefaultElementLocator.java:68)
at org.openqa.selenium.support.pagefactory.internal.LocatingElementHandler.invoke(LocatingElementHandler.java:38)
at jdk.proxy2/jdk.proxy2.$Proxy32.click(Unknown Source)
at Pages.actions.SavedForLaterActions.clickSavedForLaterIt(SavedForLaterActions.java:23)
at Steps.savedFoLater.click_on_saved_for_later_tag(savedFoLater.java:42)
at ✽.click on saved for later tag(file:///C:/Users/HimanshuNaudiyal/project/New_Bigbasket/src/test/resources/features/SavedforLater.feature:11)
]]>
            </full-stacktrace>
          </exception> <!-- org.openqa.selenium.NoSuchElementException -->
          <reporter-output>
          </reporter-output>
        </test-method> <!-- runScenario -->
        <test-method signature="runScenario(io.cucumber.testng.PickleWrapper,io.cucumber.testng.FeatureWrapper)[pri:0, instance:runner.RunCukes@5cde6747]" started-at="2024-04-21T10:09:58 IST" name="runScenario" description="Runs Cucumber Scenarios" data-provider="scenarios" finished-at="2024-04-21T10:10:04 IST" duration-ms="5225" status="PASS">
          <params>
            <param index="0">
              <value>
                <![CDATA["To check for when user marked a item then it should marked in saved for later"]]>
              </value>
            </param>
            <param index="1">
              <value>
                <![CDATA["To check for when the user  use any saved"]]>
              </value>
            </param>
          </params>
          <reporter-output>
          </reporter-output>
        </test-method> <!-- runScenario -->
        <test-method is-config="true" signature="tearDownClass()[pri:0, instance:runner.RunCukes@5cde6747]" started-at="2024-04-21T10:10:04 IST" name="tearDownClass" finished-at="2024-04-21T10:10:06 IST" duration-ms="2658" status="PASS">
          <reporter-output>
          </reporter-output>
        </test-method> <!-- tearDownClass -->
      </class> <!-- runner.RunCukes -->
    </test> <!-- Test -->
  </suite> <!-- Suite -->
</testng-results>
