<?xml version="1.0" encoding="UTF-8"?>
<testng-results ignored="0" total="2" passed="1" failed="1" skipped="0">
  <reporter-output>
  </reporter-output>
  <suite started-at="2024-04-23T14:54:48 IST" name="Default suite" finished-at="2024-04-23T15:02:45 IST" duration-ms="476791">
    <groups>
      <group name="cucumber">
        <method signature="AbstractTestNGCucumberTests.runScenario(io.cucumber.testng.PickleWrapper,io.cucumber.testng.FeatureWrapper)[pri:0, instance:runner.RunCukes@5cde6747]" name="runScenario" class="io.cucumber.testng.AbstractTestNGCucumberTests"/>
      </group> <!-- cucumber -->
    </groups>
    <test started-at="2024-04-23T14:54:48 IST" name="Default test" finished-at="2024-04-23T15:02:45 IST" duration-ms="476791">
      <class name="runner.RunCukes">
        <test-method is-config="true" signature="setUpClass(org.testng.ITestContext)[pri:0, instance:runner.RunCukes@5cde6747]" started-at="2024-04-23T14:54:48 IST" name="setUpClass" finished-at="2024-04-23T14:54:49 IST" duration-ms="700" status="PASS">
          <params>
            <param index="0">
              <value>
                <![CDATA[org.testng.TestRunner@2e1ad7de]]>
              </value>
            </param>
          </params>
          <reporter-output>
          </reporter-output>
        </test-method> <!-- setUpClass -->
        <test-method signature="runScenario(io.cucumber.testng.PickleWrapper,io.cucumber.testng.FeatureWrapper)[pri:0, instance:runner.RunCukes@5cde6747]" started-at="2024-04-23T14:54:49 IST" name="runScenario" description="Runs Cucumber Scenarios" data-provider="scenarios" finished-at="2024-04-23T14:55:43 IST" duration-ms="54207" status="PASS">
          <params>
            <param index="0">
              <value>
                <![CDATA["To check valid login by user"]]>
              </value>
            </param>
            <param index="1">
              <value>
                <![CDATA["In order to check a user should able to login into Milk Basket"]]>
              </value>
            </param>
          </params>
          <reporter-output>
          </reporter-output>
        </test-method> <!-- runScenario -->
        <test-method signature="runScenario(io.cucumber.testng.PickleWrapper,io.cucumber.testng.FeatureWrapper)[pri:0, instance:runner.RunCukes@5cde6747]" started-at="2024-04-23T14:55:43 IST" name="runScenario" description="Runs Cucumber Scenarios" data-provider="scenarios" finished-at="2024-04-23T15:02:39 IST" duration-ms="415630" status="FAIL">
          <params>
            <param index="0">
              <value>
                <![CDATA["To check for all category should display when user clicks them"]]>
              </value>
            </param>
            <param index="1">
              <value>
                <![CDATA["In order to check"]]>
              </value>
            </param>
          </params>
          <exception class="org.openqa.selenium.ElementClickInterceptedException">
            <message>
              <![CDATA[element click intercepted: Element <button class="h-full px-2.5 lg:py-1.5 xl:py-2.5 content-center  grid grid-flow-col lg:gap-x-10.5 xl:gap-x-4.5 rounded-2xs text-white 
              bg-appleGreen-600 border border-appleGreen-600" id="headlessui-menu-button-:r2:" type="button" aria-haspopup="true" aria-expanded="true" data-headlessui-state="open" aria-controls="headlessui-menu-items-:r3:">...</button> is not clickable at point (275, 12). Other element would receive the click: <button class="h-full px-2.5 lg:py-1.5 xl:py-2.5 content-center  grid grid-flow-col lg:gap-x-10.5 xl:gap-x-4.5 rounded-2xs text-white 
              bg-appleGreen-600 border border-appleGreen-600" id="headlessui-menu-button-:r0:" type="button" aria-haspopup="true" aria-expanded="false" data-headlessui-state="" aria-controls="headlessui-menu-items-:r1:">...</button>
  (Session info: chrome=124.0.6367.60)
Build info: version: '4.19.1', revision: 'abe0ee07dc'
System info: os.name: 'Windows 11', os.arch: 'amd64', os.version: '10.0', java.version: '22'
Driver info: org.openqa.selenium.chrome.ChromeDriver
Command: [0b8483a1fab774910a0066ba8cb03afc, clickElement {id=f.9DB7D7027E991B1B080666E30B200558.d.FC004B9CBA2568BC9151DF8517CB0F9F.e.90}]
Capabilities {acceptInsecureCerts: false, browserName: chrome, browserVersion: 124.0.6367.60, chrome: {chromedriverVersion: 124.0.6367.60 (8771130bd84f..., userDataDir: C:\Users\HIMANS~1\AppData\L...}, fedcm:accounts: true, goog:chromeOptions: {debuggerAddress: localhost:54161}, networkConnectionEnabled: false, pageLoadStrategy: normal, platformName: windows, proxy: Proxy(), se:cdp: ws://localhost:54161/devtoo..., se:cdpVersion: 124.0.6367.60, setWindowRect: true, strictFileInteractability: false, timeouts: {implicit: 0, pageLoad: 300000, script: 30000}, unhandledPromptBehavior: dismiss and notify, webauthn:extension:credBlob: true, webauthn:extension:largeBlob: true, webauthn:extension:minPinLength: true, webauthn:extension:prf: true, webauthn:virtualAuthenticators: true}
Element: [[ChromeDriver: chrome on windows (0b8483a1fab774910a0066ba8cb03afc)] -> xpath: //div[@class='Header___StyledCategoryMenu2-sc-19kl9m3-13 ibVaum']/div/div/button]
Session ID: 0b8483a1fab774910a0066ba8cb03afc]]>
            </message>
            <full-stacktrace>
              <![CDATA[org.openqa.selenium.ElementClickInterceptedException: element click intercepted: Element <button class="h-full px-2.5 lg:py-1.5 xl:py-2.5 content-center  grid grid-flow-col lg:gap-x-10.5 xl:gap-x-4.5 rounded-2xs text-white 
              bg-appleGreen-600 border border-appleGreen-600" id="headlessui-menu-button-:r2:" type="button" aria-haspopup="true" aria-expanded="true" data-headlessui-state="open" aria-controls="headlessui-menu-items-:r3:">...</button> is not clickable at point (275, 12). Other element would receive the click: <button class="h-full px-2.5 lg:py-1.5 xl:py-2.5 content-center  grid grid-flow-col lg:gap-x-10.5 xl:gap-x-4.5 rounded-2xs text-white 
              bg-appleGreen-600 border border-appleGreen-600" id="headlessui-menu-button-:r0:" type="button" aria-haspopup="true" aria-expanded="false" data-headlessui-state="" aria-controls="headlessui-menu-items-:r1:">...</button>
  (Session info: chrome=124.0.6367.60)
Build info: version: '4.19.1', revision: 'abe0ee07dc'
System info: os.name: 'Windows 11', os.arch: 'amd64', os.version: '10.0', java.version: '22'
Driver info: org.openqa.selenium.chrome.ChromeDriver
Command: [0b8483a1fab774910a0066ba8cb03afc, clickElement {id=f.9DB7D7027E991B1B080666E30B200558.d.FC004B9CBA2568BC9151DF8517CB0F9F.e.90}]
Capabilities {acceptInsecureCerts: false, browserName: chrome, browserVersion: 124.0.6367.60, chrome: {chromedriverVersion: 124.0.6367.60 (8771130bd84f..., userDataDir: C:\Users\HIMANS~1\AppData\L...}, fedcm:accounts: true, goog:chromeOptions: {debuggerAddress: localhost:54161}, networkConnectionEnabled: false, pageLoadStrategy: normal, platformName: windows, proxy: Proxy(), se:cdp: ws://localhost:54161/devtoo..., se:cdpVersion: 124.0.6367.60, setWindowRect: true, strictFileInteractability: false, timeouts: {implicit: 0, pageLoad: 300000, script: 30000}, unhandledPromptBehavior: dismiss and notify, webauthn:extension:credBlob: true, webauthn:extension:largeBlob: true, webauthn:extension:minPinLength: true, webauthn:extension:prf: true, webauthn:virtualAuthenticators: true}
Element: [[ChromeDriver: chrome on windows (0b8483a1fab774910a0066ba8cb03afc)] -> xpath: //div[@class='Header___StyledCategoryMenu2-sc-19kl9m3-13 ibVaum']/div/div/button]
Session ID: 0b8483a1fab774910a0066ba8cb03afc
at java.base/jdk.internal.reflect.DirectConstructorHandleAccessor.newInstance(DirectConstructorHandleAccessor.java:62)
at java.base/java.lang.reflect.Constructor.newInstanceWithCaller(Constructor.java:502)
at java.base/java.lang.reflect.Constructor.newInstance(Constructor.java:486)
at org.openqa.selenium.remote.ErrorCodec.decode(ErrorCodec.java:167)
at org.openqa.selenium.remote.codec.w3c.W3CHttpResponseCodec.decode(W3CHttpResponseCodec.java:138)
at org.openqa.selenium.remote.codec.w3c.W3CHttpResponseCodec.decode(W3CHttpResponseCodec.java:50)
at org.openqa.selenium.remote.HttpCommandExecutor.execute(HttpCommandExecutor.java:190)
at org.openqa.selenium.remote.service.DriverCommandExecutor.invokeExecute(DriverCommandExecutor.java:216)
at org.openqa.selenium.remote.service.DriverCommandExecutor.execute(DriverCommandExecutor.java:174)
at org.openqa.selenium.remote.RemoteWebDriver.execute(RemoteWebDriver.java:518)
at org.openqa.selenium.remote.RemoteWebElement.execute(RemoteWebElement.java:223)
at org.openqa.selenium.remote.RemoteWebElement.click(RemoteWebElement.java:76)
at java.base/jdk.internal.reflect.DirectMethodHandleAccessor.invoke(DirectMethodHandleAccessor.java:103)
at java.base/java.lang.reflect.Method.invoke(Method.java:580)
at org.openqa.selenium.support.pagefactory.internal.LocatingElementHandler.invoke(LocatingElementHandler.java:51)
at jdk.proxy2/jdk.proxy2.$Proxy32.click(Unknown Source)
at Pages.actions.ShopByCategoryActions.ListOfCategory(ShopByCategoryActions.java:75)
at Steps.ShopByCategorySteps.particular_category_name_should_come_in_the_title_bar(ShopByCategorySteps.java:67)
at ✽.particular categoryName should come in the  title bar(file:///C:/Users/HimanshuNaudiyal/project/New_Bigbasket/src/test/resources/features/shopByCategory.feature:13)
]]>
            </full-stacktrace>
          </exception> <!-- org.openqa.selenium.ElementClickInterceptedException -->
          <reporter-output>
          </reporter-output>
        </test-method> <!-- runScenario -->
        <test-method is-config="true" signature="tearDownClass()[pri:0, instance:runner.RunCukes@5cde6747]" started-at="2024-04-23T15:02:39 IST" name="tearDownClass" finished-at="2024-04-23T15:02:45 IST" duration-ms="6211" status="PASS">
          <reporter-output>
          </reporter-output>
        </test-method> <!-- tearDownClass -->
      </class> <!-- runner.RunCukes -->
    </test> <!-- Default test -->
  </suite> <!-- Default suite -->
</testng-results>
