<?xml version="1.0" encoding="UTF-8"?>
<!-- Generated by org.testng.reporters.JUnitReportReporter -->
<testsuite hostname="LAPTOP-LERK31GH" failures="0" tests="2" name="runner.RunCukes" time="469.837" errors="1" timestamp="2024-04-23T15:02:45 IST" skipped="0">
  <testcase classname="runner.RunCukes" name="runScenario" time="54.207"/>
  <testcase classname="runner.RunCukes" name="runScenario" time="415.630">
    <error message="element click intercepted: Element &lt;button class=&quot;h-full px-2.5 lg:py-1.5 xl:py-2.5 content-center  grid grid-flow-col lg:gap-x-10.5 xl:gap-x-4.5 rounded-2xs text-white 
              bg-appleGreen-600 border border-appleGreen-600&quot; id=&quot;headlessui-menu-button-:r2:&quot; type=&quot;button&quot; aria-haspopup=&quot;true&quot; aria-expanded=&quot;true&quot; data-headlessui-state=&quot;open&quot; aria-controls=&quot;headlessui-menu-items-:r3:&quot;&gt;...&lt;/button&gt; is not clickable at point (275, 12). Other element would receive the click: &lt;button class=&quot;h-full px-2.5 lg:py-1.5 xl:py-2.5 content-center  grid grid-flow-col lg:gap-x-10.5 xl:gap-x-4.5 rounded-2xs text-white 
              bg-appleGreen-600 border border-appleGreen-600&quot; id=&quot;headlessui-menu-button-:r0:&quot; type=&quot;button&quot; aria-haspopup=&quot;true&quot; aria-expanded=&quot;false&quot; data-headlessui-state=&quot;&quot; aria-controls=&quot;headlessui-menu-items-:r1:&quot;&gt;...&lt;/button&gt;
  (Session info: chrome=124.0.6367.60)
Build info: version: &#039;4.19.1&#039;, revision: &#039;abe0ee07dc&#039;
System info: os.name: &#039;Windows 11&#039;, os.arch: &#039;amd64&#039;, os.version: &#039;10.0&#039;, java.version: &#039;22&#039;
Driver info: org.openqa.selenium.chrome.ChromeDriver
Command: [0b8483a1fab774910a0066ba8cb03afc, clickElement {id=f.9DB7D7027E991B1B080666E30B200558.d.FC004B9CBA2568BC9151DF8517CB0F9F.e.90}]
Capabilities {acceptInsecureCerts: false, browserName: chrome, browserVersion: 124.0.6367.60, chrome: {chromedriverVersion: 124.0.6367.60 (8771130bd84f..., userDataDir: C:\Users\HIMANS~1\AppData\L...}, fedcm:accounts: true, goog:chromeOptions: {debuggerAddress: localhost:54161}, networkConnectionEnabled: false, pageLoadStrategy: normal, platformName: windows, proxy: Proxy(), se:cdp: ws://localhost:54161/devtoo..., se:cdpVersion: 124.0.6367.60, setWindowRect: true, strictFileInteractability: false, timeouts: {implicit: 0, pageLoad: 300000, script: 30000}, unhandledPromptBehavior: dismiss and notify, webauthn:extension:credBlob: true, webauthn:extension:largeBlob: true, webauthn:extension:minPinLength: true, webauthn:extension:prf: true, webauthn:virtualAuthenticators: true}
Element: [[ChromeDriver: chrome on windows (0b8483a1fab774910a0066ba8cb03afc)] -&gt; xpath: //div[@class=&#039;Header___StyledCategoryMenu2-sc-19kl9m3-13 ibVaum&#039;]/div/div/button]
Session ID: 0b8483a1fab774910a0066ba8cb03afc" type="org.openqa.selenium.ElementClickInterceptedException">
      <![CDATA[org.openqa.selenium.ElementClickInterceptedException: element click intercepted: Element <button class="h-full px-2.5 lg:py-1.5 xl:py-2.5 content-center  grid grid-flow-col lg:gap-x-10.5 xl:gap-x-4.5 rounded-2xs text-white 
              bg-appleGreen-600 border border-appleGreen-600" id="headlessui-menu-button-:r2:" type="button" aria-haspopup="true" aria-expanded="true" data-headlessui-state="open" aria-controls="headlessui-menu-items-:r3:">...</button> is not clickable at point (275, 12). Other element would receive the click: <button class="h-full px-2.5 lg:py-1.5 xl:py-2.5 content-center  grid grid-flow-col lg:gap-x-10.5 xl:gap-x-4.5 rounded-2xs text-white 
              bg-appleGreen-600 border border-appleGreen-600" id="headlessui-menu-button-:r0:" type="button" aria-haspopup="true" aria-expanded="false" data-headlessui-state="" aria-controls="headlessui-menu-items-:r1:">...</button>
  (Session info: chrome=124.0.6367.60)
Build info: version: '4.19.1', revision: 'abe0ee07dc'
System info: os.name: 'Windows 11', os.arch: 'amd64', os.version: '10.0', java.version: '22'
Driver info: org.openqa.selenium.chrome.ChromeDriver
Command: [0b8483a1fab774910a0066ba8cb03afc, clickElement {id=f.9DB7D7027E991B1B080666E30B200558.d.FC004B9CBA2568BC9151DF8517CB0F9F.e.90}]
Capabilities {acceptInsecureCerts: false, browserName: chrome, browserVersion: 124.0.6367.60, chrome: {chromedriverVersion: 124.0.6367.60 (8771130bd84f..., userDataDir: C:\Users\HIMANS~1\AppData\L...}, fedcm:accounts: true, goog:chromeOptions: {debuggerAddress: localhost:54161}, networkConnectionEnabled: false, pageLoadStrategy: normal, platformName: windows, proxy: Proxy(), se:cdp: ws://localhost:54161/devtoo..., se:cdpVersion: 124.0.6367.60, setWindowRect: true, strictFileInteractability: false, timeouts: {implicit: 0, pageLoad: 300000, script: 30000}, unhandledPromptBehavior: dismiss and notify, webauthn:extension:credBlob: true, webauthn:extension:largeBlob: true, webauthn:extension:minPinLength: true, webauthn:extension:prf: true, webauthn:virtualAuthenticators: true}
Element: [[ChromeDriver: chrome on windows (0b8483a1fab774910a0066ba8cb03afc)] -> xpath: //div[@class='Header___StyledCategoryMenu2-sc-19kl9m3-13 ibVaum']/div/div/button]
Session ID: 0b8483a1fab774910a0066ba8cb03afc
at java.base/jdk.internal.reflect.DirectConstructorHandleAccessor.newInstance(DirectConstructorHandleAccessor.java:62)
at java.base/java.lang.reflect.Constructor.newInstanceWithCaller(Constructor.java:502)
at java.base/java.lang.reflect.Constructor.newInstance(Constructor.java:486)
at org.openqa.selenium.remote.ErrorCodec.decode(ErrorCodec.java:167)
at org.openqa.selenium.remote.codec.w3c.W3CHttpResponseCodec.decode(W3CHttpResponseCodec.java:138)
at org.openqa.selenium.remote.codec.w3c.W3CHttpResponseCodec.decode(W3CHttpResponseCodec.java:50)
at org.openqa.selenium.remote.HttpCommandExecutor.execute(HttpCommandExecutor.java:190)
at org.openqa.selenium.remote.service.DriverCommandExecutor.invokeExecute(DriverCommandExecutor.java:216)
at org.openqa.selenium.remote.service.DriverCommandExecutor.execute(DriverCommandExecutor.java:174)
at org.openqa.selenium.remote.RemoteWebDriver.execute(RemoteWebDriver.java:518)
at org.openqa.selenium.remote.RemoteWebElement.execute(RemoteWebElement.java:223)
at org.openqa.selenium.remote.RemoteWebElement.click(RemoteWebElement.java:76)
at java.base/jdk.internal.reflect.DirectMethodHandleAccessor.invoke(DirectMethodHandleAccessor.java:103)
at java.base/java.lang.reflect.Method.invoke(Method.java:580)
at org.openqa.selenium.support.pagefactory.internal.LocatingElementHandler.invoke(LocatingElementHandler.java:51)
at jdk.proxy2/jdk.proxy2.$Proxy32.click(Unknown Source)
at Pages.actions.ShopByCategoryActions.ListOfCategory(ShopByCategoryActions.java:75)
at Steps.ShopByCategorySteps.particular_category_name_should_come_in_the_title_bar(ShopByCategorySteps.java:67)
at ✽.particular categoryName should come in the  title bar(file:///C:/Users/HimanshuNaudiyal/project/New_Bigbasket/src/test/resources/features/shopByCategory.feature:13)
]]>
    </error>
  </testcase> <!-- runScenario -->
</testsuite> <!-- runner.RunCukes -->
